Thu 21 Mar 2024 02:50:28 PM UTC: 
 tests:  0|5
total_score: 0/70
f64057f
Thu 21 Mar 2024 02:57:26 PM UTC: 
 exercises.c | 8 ++++++++
 1 file changed, 8 insertions(+)
 tests:  0|5
total_score: 0/70
9cd1609
Thu 21 Mar 2024 03:00:33 PM UTC: 
 exercises.c | 1 -
 1 file changed, 1 deletion(-)
 tests:  1|4
total_score: 10/70
fa37640
Thu 21 Mar 2024 03:05:19 PM UTC: 
 exercises.c | 8 ++++++--
 1 file changed, 6 insertions(+), 2 deletions(-)
In file included from test.c:5:
exercises.c: In function ‘sumaLista’:
exercises.c:65:12: error: format ‘%d’ expects argument of type ‘int’, but argument 2 has type ‘int *’ [-Werror=format=]
   65 |   printf("%d", item);
      |           ~^   ~~~~
      |            |   |
      |            int int *
      |           %ls
cc1: all warnings being treated as errors
Compilation failed
0995f15
Thu 21 Mar 2024 03:05:27 PM UTC: 
 exercises.c | 2 +-
 1 file changed, 1 insertion(+), 1 deletion(-)
 tests:  1|4
total_score: 10/70
ef28814
Thu 21 Mar 2024 03:07:02 PM UTC: 
 exercises.c | 8 ++++++--
 1 file changed, 6 insertions(+), 2 deletions(-)
 tests:  2|3
total_score: 20/70
650f08e
Thu 21 Mar 2024 03:10:14 PM UTC: 
 exercises.c | 11 +++++++++--
 1 file changed, 9 insertions(+), 2 deletions(-)
 tests:  3|2
total_score: 40/70
8d122e9
Thu 21 Mar 2024 03:50:49 PM UTC: 
 exercises.c | 14 +++++++++++++-
 1 file changed, 13 insertions(+), 1 deletion(-)
 tests:  0|0
76241b2
Thu 21 Mar 2024 04:49:42 PM UTC: 
 exercises.c | 4 ++--
 1 file changed, 2 insertions(+), 2 deletions(-)
In file included from test.c:5:
exercises.c: In function ‘copia_pila’:
exercises.c:104:20: error: ‘pila’ undeclared (first use in this function)
  104 |     int item = top(pila);
      |                    ^~~~
exercises.c:104:20: note: each undeclared identifier is reported only once for each function it appears in
exercises.c:105:15: error: ‘head’ undeclared (first use in this function)
  105 |     push(aux, head);
      |               ^~~~
exercises.c:104:9: error: unused variable ‘item’ [-Werror=unused-variable]
  104 |     int item = top(pila);
      |         ^~~~
cc1: all warnings being treated as errors
Compilation failed
5d5644c
Thu 21 Mar 2024 04:49:59 PM UTC: 
 exercises.c | 2 +-
 1 file changed, 1 insertion(+), 1 deletion(-)
In file included from test.c:5:
exercises.c: In function ‘copia_pila’:
exercises.c:104:16: error: initialization of ‘int’ from ‘void *’ makes integer from pointer without a cast [-Werror=int-conversion]
  104 |     int item = top(P1);
      |                ^~~
exercises.c:105:15: error: ‘head’ undeclared (first use in this function)
  105 |     push(aux, head);
      |               ^~~~
exercises.c:105:15: note: each undeclared identifier is reported only once for each function it appears in
exercises.c:104:9: error: unused variable ‘item’ [-Werror=unused-variable]
  104 |     int item = top(P1);
      |         ^~~~
cc1: all warnings being treated as errors
Compilation failed
6cb1672
Thu 21 Mar 2024 04:50:32 PM UTC: 
 exercises.c | 4 ++--
 1 file changed, 2 insertions(+), 2 deletions(-)
 tests:  0|0
a2427c2
Thu 21 Mar 2024 04:51:44 PM UTC: 
 exercises.c | 2 +-
 1 file changed, 1 insertion(+), 1 deletion(-)
 tests:  0|0
8c423dd
Thu 21 Mar 2024 04:52:28 PM UTC: 
 exercises.c | 4 ++--
 1 file changed, 2 insertions(+), 2 deletions(-)
 tests:  0|0
a6960ac
Thu 21 Mar 2024 04:52:49 PM UTC: 
 exercises.c | 2 +-
 1 file changed, 1 insertion(+), 1 deletion(-)
 tests:  3|2
total_score: 40/70
360645b
Thu 21 Mar 2024 04:53:04 PM UTC: 
 exercises.c | 4 ++--
 1 file changed, 2 insertions(+), 2 deletions(-)
 tests:  0|0
a597c88
Thu 21 Mar 2024 04:53:18 PM UTC: 
 exercises.c | 2 +-
 1 file changed, 1 insertion(+), 1 deletion(-)
 tests:  4|1
total_score: 50/70
9683784
Thu 21 Mar 2024 04:53:47 PM UTC: 
 exercises.c | 5 +++--
 1 file changed, 3 insertions(+), 2 deletions(-)
 tests:  4|1
total_score: 50/70
186abd0
Thu 21 Mar 2024 04:55:19 PM UTC: 
 exercises.c | 23 ++++++++++++++++++++++-
 1 file changed, 22 insertions(+), 1 deletion(-)
In file included from test.c:5:
exercises.c: In function ‘cadena_balanceada’:
exercises.c:128:15: error: implicit declaration of function ‘createStack’; did you mean ‘create_stack’? [-Werror=implicit-function-declaration]
  128 |   char pila = createStack();
      |               ^~~~~~~~~~~
      |               create_stack
exercises.c:133:12: error: passing argument 1 of ‘push’ makes pointer from integer without a cast [-Werror=int-conversion]
  133 |       push(pila, caracter);
      |            ^~~~
      |            |
      |            char
In file included from exercises.c:7,
                 from test.c:5:
stack.h:11:18: note: expected ‘Stack *’ {aka ‘List *’} but argument is of type ‘char’
   11 | void push(Stack *stack, void *data) { pushFront(stack, data); }
      |           ~~~~~~~^~~~~
In file included from test.c:5:
exercises.c:133:18: error: passing argument 2 of ‘push’ makes pointer from integer without a cast [-Werror=int-conversion]
  133 |       push(pila, caracter);
      |                  ^~~~~~~~
      |                  |
      |                  char
In file included from exercises.c:7,
                 from test.c:5:
stack.h:11:31: note: expected ‘void *’ but argument is of type ‘char’
   11 | void push(Stack *stack, void *data) { pushFront(stack, data); }
      |                         ~~~~~~^~~~
In file included from test.c:5:
exercises.c:136:26: error: invalid type argument of unary ‘*’ (have ‘int’)
  136 |         if((cadena[j] == *caracter + 1 || cadena[j] == *caracter + 2) && (j - i) % 2 == 1) {
      |                          ^~~~~~~~~
exercises.c:136:56: error: invalid type argument of unary ‘*’ (have ‘int’)
  136 |         if((cadena[j] == *caracter + 1 || cadena[j] == *caracter + 2) && (j - i) % 2 == 1) {
      |                                                        ^~~~~~~~~
exercises.c:137:16: error: passing argument 1 of ‘push’ makes pointer from integer without a cast [-Werror=int-conversion]
  137 |           push(pila, cadena[j]);
      |                ^~~~
      |                |
      |                char
In file included from exercises.c:7,
                 from test.c:5:
stack.h:11:18: note: expected ‘Stack *’ {aka ‘List *’} but argument is of type ‘char’
   11 | void push(Stack *stack, void *data) { pushFront(stack, data); }
      |           ~~~~~~~^~~~~
In file included from test.c:5:
exercises.c:137:28: error: passing argument 2 of ‘push’ makes pointer from integer without a cast [-Werror=int-conversion]
  137 |           push(pila, cadena[j]);
      |                      ~~~~~~^~~
      |                            |
      |                            char
In file included from exercises.c:7,
                 from test.c:5:
stack.h:11:31: note: expected ‘void *’ but argument is of type ‘char’
   11 | void push(Stack *stack, void *data) { pushFront(stack, data); }
      |                         ~~~~~~^~~~
In file included from test.c:5:
exercises.c:140:14: error: passing argument 1 of ‘top’ makes pointer from integer without a cast [-Werror=int-conversion]
  140 |       if(top(pila) == caracter) return 0;
      |              ^~~~
      |              |
      |              char
In file included from exercises.c:7,
                 from test.c:5:
stack.h:14:18: note: expected ‘Stack *’ {aka ‘List *’} but argument is of type ‘char’
   14 | void *top(Stack *stack) { return first(stack); }
      |           ~~~~~~~^~~~~
In file included from test.c:5:
exercises.c:140:20: error: comparison between pointer and integer [-Werror]
  140 |       if(top(pila) == caracter) return 0;
      |                    ^~
exercises.c:141:81: error: passing argument 1 of ‘top’ makes pointer from integer without a cast [-Werror=int-conversion]
  141 |     } else if((cadena[i] == ')' || cadena[i] == '}' || cadena[i] == ']') && top(pila) == NULL) {
      |                                                                                 ^~~~
      |                                                                                 |
      |                                                                                 char
In file included from exercises.c:7,
                 from test.c:5:
stack.h:14:18: note: expected ‘Stack *’ {aka ‘List *’} but argument is of type ‘char’
   14 | void *top(Stack *stack) { return first(stack); }
      |           ~~~~~~~^~~~~
test.c: In function ‘test_parentesis_balanceados’:
test.c:217:9: error: implicit declaration of function ‘parentesisBalanceados’; did you mean ‘test_parentesis_balanceados’? [-Werror=implicit-function-declaration]
  217 |     if(!parentesisBalanceados(s)){
      |         ^~~~~~~~~~~~~~~~~~~~~
      |         test_parentesis_balanceados
cc1: all warnings being treated as errors
Compilation failed
f4501c4
Thu 21 Mar 2024 04:55:43 PM UTC: 
 exercises.c | 2 +-
 1 file changed, 1 insertion(+), 1 deletion(-)
In file included from test.c:5:
exercises.c: In function ‘parentesisBalanceados’:
exercises.c:128:15: error: implicit declaration of function ‘createStack’; did you mean ‘create_stack’? [-Werror=implicit-function-declaration]
  128 |   char pila = createStack();
      |               ^~~~~~~~~~~
      |               create_stack
exercises.c:133:12: error: passing argument 1 of ‘push’ makes pointer from integer without a cast [-Werror=int-conversion]
  133 |       push(pila, caracter);
      |            ^~~~
      |            |
      |            char
In file included from exercises.c:7,
                 from test.c:5:
stack.h:11:18: note: expected ‘Stack *’ {aka ‘List *’} but argument is of type ‘char’
   11 | void push(Stack *stack, void *data) { pushFront(stack, data); }
      |           ~~~~~~~^~~~~
In file included from test.c:5:
exercises.c:133:18: error: passing argument 2 of ‘push’ makes pointer from integer without a cast [-Werror=int-conversion]
  133 |       push(pila, caracter);
      |                  ^~~~~~~~
      |                  |
      |                  char
In file included from exercises.c:7,
                 from test.c:5:
stack.h:11:31: note: expected ‘void *’ but argument is of type ‘char’
   11 | void push(Stack *stack, void *data) { pushFront(stack, data); }
      |                         ~~~~~~^~~~
In file included from test.c:5:
exercises.c:136:26: error: invalid type argument of unary ‘*’ (have ‘int’)
  136 |         if((cadena[j] == *caracter + 1 || cadena[j] == *caracter + 2) && (j - i) % 2 == 1) {
      |                          ^~~~~~~~~
exercises.c:136:56: error: invalid type argument of unary ‘*’ (have ‘int’)
  136 |         if((cadena[j] == *caracter + 1 || cadena[j] == *caracter + 2) && (j - i) % 2 == 1) {
      |                                                        ^~~~~~~~~
exercises.c:137:16: error: passing argument 1 of ‘push’ makes pointer from integer without a cast [-Werror=int-conversion]
  137 |           push(pila, cadena[j]);
      |                ^~~~
      |                |
      |                char
In file included from exercises.c:7,
                 from test.c:5:
stack.h:11:18: note: expected ‘Stack *’ {aka ‘List *’} but argument is of type ‘char’
   11 | void push(Stack *stack, void *data) { pushFront(stack, data); }
      |           ~~~~~~~^~~~~
In file included from test.c:5:
exercises.c:137:28: error: passing argument 2 of ‘push’ makes pointer from integer without a cast [-Werror=int-conversion]
  137 |           push(pila, cadena[j]);
      |                      ~~~~~~^~~
      |                            |
      |                            char
In file included from exercises.c:7,
                 from test.c:5:
stack.h:11:31: note: expected ‘void *’ but argument is of type ‘char’
   11 | void push(Stack *stack, void *data) { pushFront(stack, data); }
      |                         ~~~~~~^~~~
In file included from test.c:5:
exercises.c:140:14: error: passing argument 1 of ‘top’ makes pointer from integer without a cast [-Werror=int-conversion]
  140 |       if(top(pila) == caracter) return 0;
      |              ^~~~
      |              |
      |              char
In file included from exercises.c:7,
                 from test.c:5:
stack.h:14:18: note: expected ‘Stack *’ {aka ‘List *’} but argument is of type ‘char’
   14 | void *top(Stack *stack) { return first(stack); }
      |           ~~~~~~~^~~~~
In file included from test.c:5:
exercises.c:140:20: error: comparison between pointer and integer [-Werror]
  140 |       if(top(pila) == caracter) return 0;
      |                    ^~
exercises.c:141:81: error: passing argument 1 of ‘top’ makes pointer from integer without a cast [-Werror=int-conversion]
  141 |     } else if((cadena[i] == ')' || cadena[i] == '}' || cadena[i] == ']') && top(pila) == NULL) {
      |                                                                                 ^~~~
      |                                                                                 |
      |                                                                                 char
In file included from exercises.c:7,
                 from test.c:5:
stack.h:14:18: note: expected ‘Stack *’ {aka ‘List *’} but argument is of type ‘char’
   14 | void *top(Stack *stack) { return first(stack); }
      |           ~~~~~~~^~~~~
cc1: all warnings being treated as errors
Compilation failed
c73d27e
Thu 21 Mar 2024 04:59:09 PM UTC: 
 exercises.c | 8 ++++----
 1 file changed, 4 insertions(+), 4 deletions(-)
In file included from test.c:5:
exercises.c: In function ‘parentesisBalanceados’:
exercises.c:136:26: error: invalid type argument of unary ‘*’ (have ‘int’)
  136 |         if((cadena[j] == *caracter + 1 || cadena[j] == *caracter + 2) && (j - i) % 2 == 1) {
      |                          ^~~~~~~~~
exercises.c:136:56: error: invalid type argument of unary ‘*’ (have ‘int’)
  136 |         if((cadena[j] == *caracter + 1 || cadena[j] == *caracter + 2) && (j - i) % 2 == 1) {
      |                                                        ^~~~~~~~~
Compilation failed
407bd98
Thu 21 Mar 2024 05:00:28 PM UTC: 
 exercises.c | 4 +++-
 1 file changed, 3 insertions(+), 1 deletion(-)
 tests:  5|1
total_score: 50/70
7fdc7a6
Thu 21 Mar 2024 05:02:19 PM UTC: 
 exercises.c | 2 +-
 1 file changed, 1 insertion(+), 1 deletion(-)
 tests:  4|1
total_score: 50/70
f42cbfd
Thu 21 Mar 2024 05:03:30 PM UTC: 
 exercises.c | 2 +-
 1 file changed, 1 insertion(+), 1 deletion(-)
 tests:  5|1
total_score: 50/70
0999fea
Thu 21 Mar 2024 05:10:43 PM UTC: 
 exercises.c | 22 +++-------------------
 1 file changed, 3 insertions(+), 19 deletions(-)
 tests:  4|1
total_score: 50/70
cffa068
Thu 21 Mar 2024 05:30:04 PM UTC: 
 exercises.c | 10 ++++++----
 1 file changed, 6 insertions(+), 4 deletions(-)
 tests:  4|1
total_score: 50/70
cf92d01
Thu 21 Mar 2024 05:30:44 PM UTC: 
 exercises.c | 1 +
 1 file changed, 1 insertion(+)
 tests:  4|1
total_score: 50/70
e27ae5f
Thu 21 Mar 2024 05:32:11 PM UTC: 
 exercises.c | 3 ++-
 1 file changed, 2 insertions(+), 1 deletion(-)
 tests:  4|1
total_score: 50/70
5e6c916
